<?xml version="1.0" encoding="UTF-8"?>
<Site BuildName="(empty)"
	BuildStamp="20230818-0111-Experimental"
	Name="b01"
	Generator="ctest-3.16.3"
	CompilerName="/usr/bin/g++"
	CompilerVersion="9.4.0"
	OSName="Linux"
	Hostname="b01"
	OSRelease="5.15.0-78-generic"
	OSVersion="#85~20.04.1-Ubuntu SMP Mon Jul 17 09:42:39 UTC 2023"
	OSPlatform="x86_64"
	Is64Bits="1"
	VendorString="GenuineIntel"
	VendorID="Intel Corporation"
	FamilyID="6"
	ModelID="167"
	ProcessorCacheSize="12288"
	NumberOfLogicalCPU="12"
	NumberOfPhysicalCPU="6"
	TotalVirtualMemory="2047"
	TotalPhysicalMemory="15784"
	LogicalProcessorsPerPhysical="2"
	ProcessorClockFrequency="1661.79"
	>
	<Testing>
		<StartDateTime>Aug 18 08:22 +07</StartDateTime>
		<StartTestTime>1692321722</StartTestTime>
		<TestList/>
		<EndDateTime>Aug 18 08:22 +07</EndDateTime>
		<EndTestTime>1692321722</EndTestTime>
		<ElapsedMinutes>0</ElapsedMinutes>
	</Testing>
</Site>
